Dokumenti fokus: Hyrjet ne hotel
Dokumenti fokus: RezervimeVlefshme
Dokumenti fokus: Raport per detyrimet
Dokumenti fokus: Hyrje - daljet ne hotel
Dokumenti fokus: Konfigurimi i perdoruesve
Dokumenti fokus: Informacione
Dokumenti fokus: Perkthime
Dokumenti fokus: Rregullime
Dokumenti fokus: Kontakt
Dokumenti fokus: GjendjeDhome
Dokumenti fokus: Dhoma te pashlyera
Dokumenti fokus: Dhomat ne perdorim
Dokumenti fokus: Rezervime
Dokumenti fokus: Modifikim rezervime
Dokumenti fokus: Fut rezervim ne dhome
Dokumenti fokus: Merr dhome
Dokumenti fokus: Dorezo Dhome
Dokumenti fokus: Modifiko/Fshi veprim
Dokumenti fokus: Hidh detyrime
Dokumenti fokus: Dhomat ne perdorim
Dokumenti fokus: Modifikim rezervime
Dokumenti fokus: Dhomat ne perdorim
Dokumenti fokus: Dhoma te pashlyera
Dokumenti fokus: GjendjeDhome
Dokumenti fokus: Kontakt
Dokumenti fokus: Rregullime
Dokumenti fokus: Perkthime
Dokumenti fokus: Informacione
Dokumenti fokus: Perkthime
Dokumenti fokus: Rregullime
Dokumenti fokus: KontaDokumenti fokus: Kategori
Dokumenti fokus: Dorezo Dhome
Dokumenti fokus: Rregullime
Dokumenti fokus: Dorezo Dhome
Dokumenti fokus: Rregullime
Dokumenti fokus: Hyrjet ne hotel
Dokumenti fokus: Hyrje - daljet ne hotel
Dokumenti fokus: Konfiguro cmime
Dokumenti fokus: Hyrje - daljet ne hotel
Dokumenti fokus: Kategori
Dokumenti fokus: Faqja Kryesore
Dokumenti fokus: Konfiguro cmime
Dokumenti fokus: Faqja Kryesore
Dokumenti fokus: Konfiguro cmime
Dokumenti fokus: Faqja Kryesore
Dokumenti fokus: Hyrje - daljet ne hotel
Dokumenti fokus: Faqja Kryesore
Dokumenti fokus: Hyrjet ne hotel
Dokumenti fokus: Faqja Kryesore
Dokumenti fokus: Kategori
Dokumenti fokus: Faqja Kryesore
Dokumenti fokus: Konfiguro cmime
Dokumenti fokus: Faqja Kryesore
Dokumenti fokus: Hyrje - daljet ne hotel
Dokumenti fokus: Faqja Kryesore
Dokumenti fokus: Rregullime
Dokumenti fokus: Faqja Kryesore
Dokumenti fokus: Dorezo Dhome
Dokumenti fokus: Faqja Kryesore
Dokumenti fokus: Fut rezervim ne dhome
Dokumenti fokus: Faqja Kryesore
Dokumenti fokus: Fut rezervim ne dhome
Dokumenti fokus: Faqja Kryesore
Dokumenti fokus: Fut rezervim ne dhome
Dokumenti fokus: Faqja Kryesore
Dokumenti fokus: Fut rezervim ne dhome
Dokumenti fokus: Faqja Kryesore
Dokumenti fokus: Fut rezervim ne dhome
Dokumenti fokus: Faqja Kryesore
Dokumenti fokus: Fut rezervim ne dhome
Dokumenti fokus: Faqja Kryesore
Dokumenti fokus: Fut rezervim ne dhome
Dokumenti fokus: GjendjeDhome
Dokumenti fokus: Fut rezervim ne dhome
Dokumenti fokus: GjendjeDhome
Dokumenti fokus: Fut rezervim ne dhome
Dokumenti fokus: GjendjeDhome
Dokumenti fokus: Fut rezervim ne dhome
Dokumenti fokus: GjendjeDhome
Dokumenti fokus: Fut rezervim ne dhome
Dokumenti fokus: GjendjeDhome
Dokumenti fokus: Fut rezervim ne dhome
Dokumenti fokus: GjendjeDhome
Dokumenti fokus: Fut rezervim ne dhome
Dokumenti fokus: Faqja Kryesore
Dokumenti fokus: Fut rezervim ne dhome
Dokumenti fokus: Faqja Kryesore
Dokumenti fokus: Fut rezervim ne dhome
Dokumenti fokus: Faqja Kryesore
Dokumenti fokus: GjendjeDhome
Dokumenti fokus: Fut rezervim ne dhome
Dokumenti fokus: GjendjeDhome
Dokumenti fokus: Fut rezervim ne dhome
Dokumenti fokus: GjendjeDhome
Dokumenti fokus: Fut rezervim ne dhome
Dokumenti fokus: GjendjeDhome
Dokumenti fokus: Fut rezervim ne dhome
Dokumenti fokus: GjendjeDhome
Dokumenti fokus: Fut rezervim ne dhome
Dokumenti fokus: GjendjeDhome
Dokumenti fokus: Fut rezervim ne dhome
Dokumenti fokus: GjendjeDhome
Dokumenti fokus: Fut rezervim ne dhome
Dokumenti fokus: GjendjeDhome
Dokumenti fokus: Fut rezervim ne dhome
Dokumenti fokus: GjendjeDhome
Dokumenti fokus: Fut rezervim ne dhome
Dokumenti fokus: GjendjeDhome
Dokumenti fokus: Fut rezervim ne dhome
Dokumenti fokus: GjendjeDhome
Dokumenti fokus: Fut rezervim ne dhome
Dokumenti fokus: GjendjeDhome
Dokumenti fokus: Fut rezervim ne dhome
Dokumenti fokus: GjendjeDhome
Dokumenti fokus: Fut rezervim ne dhome
Dokumenti fokus: GjendjeDhome
Dokumenti fokus: Fut rezervim ne dhome
Dokumenti fokus: GjendjeDhome
D